<?xml version="1.0" encoding="UTF-8"?>
<!-- Generated by org.testng.reporters.JUnitReportReporter -->
<testsuite skipped="0" hostname="vdimeriEUext009" name="tests.TestCase" tests="1" failures="0" timestamp="2020-09-29T12:35:12 IST" time="109.874" errors="0">
  <testcase name="testCase1" time="109.874" classname="tests.TestCase"/>
  <system-out/>
</testsuite> <!-- tests.TestCase -->
