<?xml version="1.0" encoding="UTF-8"?>
<!-- Generated by org.testng.reporters.JUnitReportReporter -->
<testsuite skipped="0" hostname="vdimeriEUext009" name="framework.TestCase" tests="1" failures="0" timestamp="28 syyskuuta 2020 18:04:20 GMT" time="115.246" errors="0">
  <testcase name="testCase1" time="115.246" classname="framework.TestCase"/>
</testsuite> <!-- framework.TestCase -->
